A01	FD16069295
B01	FD16069296
C01	FD16069297
D01	FD16069298
E01	FD16069299
F01	FD16069300
G01	FD16069301
H01	FD16069302
A02	FD16069303
B02	FD16069304
C02	FD16069305
D02	FD16069306
E02	FD16069307
F02	FD16069308
G02	FD16069309
H02	FD16069310
A03	FD16069311
B03	FD16069312
C03	FD16069313
D03	FD16069314
E03	FD16069315
F03	FD16069316
G03	FD16069317
H03	FD16069318
A04	FD16069319
B04	FD16069320
C04	FD16069321
D04	FD16069322
E04	FD16069323
F04	FD16069324
G04	FD16069325
H04	FD16069326
A05	FD16069327
B05	FD16069328
C05	FD16069329
D05	FD16069330
E05	FD16069331
F05	FD16069332
G05	FD16069333
H05	FD16069334
A06	FD16069335
B06	FD16069336
C06	FD16069337
D06	FD16069338
E06	FD16069339
F06	FD16069340
G06	FD16069341
H06	FD16069342
A07	FD16069343
B07	FD16069344
C07	FD16069345
D07	FD16069346
E07	FD16069347
F07	FD16069348
G07	FD16069349
H07	FD16069350
A08	FD16069351
B08	FD16069352
C08	FD16069353
D08	FD16069354
E08	FD16069355
F08	FD16069356
G08	FD16069357
H08	FD16069358
A09	FD16069359
B09	FD16069360
C09	FD16069361
D09	FD16069362
E09	FD16069363
F09	FD16069364
G09	FD16069365
H09	FD16069366
A10	FD16069367
B10	FD16069368
C10	FD16069369
D10	FD16069370
E10	FD16069371
F10	FD16069372
G10	FD16069373
H10	FD16069374
A11	FD16069375
B11	FD16069376
C11	FD16069377
D11	FD16069378
E11	FD16069379
F11	FD16069380
G11	FD16069381
H11	FD16069382
A12	FD16069383
B12	FD16069384
C12	FD16069385
D12	FD16069386
E12	FD16069387
F12	FD16069388
G12	FD16069389
H12	FD16069390
