A01	FD16069583
B01	FD16069584
C01	FD16069585
D01	FD16069586
E01	FD16069587
F01	FD16069588
G01	FD16069589
H01	FD16069590
A02	FD16069591
B02	FD16069592
C02	FD16069593
D02	FD16069594
E02	FD16069595
F02	FD16069596
G02	FD16069597
H02	FD16069598
A03	FD16069599
B03	FD16069600
C03	FD16069601
D03	FD16069602
E03	FD16069603
F03	FD16069604
G03	FD16069605
H03	FD16069606
A04	FD16069607
B04	FD16069608
C04	FD16069609
D04	FD16069610
E04	FD16069611
F04	FD16069612
G04	FD16069613
H04	FD16069614
A05	FD16069615
B05	FD16069616
C05	FD16069617
D05	FD16069618
E05	FD16069619
F05	FD16069620
G05	FD16069621
H05	FD16069622
A06	FD16069623
B06	FD16069624
C06	FD16069625
D06	FD16069626
E06	FD16069627
F06	FD16069628
G06	FD16069629
H06	FD16069630
A07	FD16069631
B07	FD16069632
C07	FD16069633
D07	FD16069634
E07	FD16069635
F07	FD16069636
G07	FD16069637
H07	FD16069638
A08	FD16069639
B08	FD16069640
C08	FD16069641
D08	FD16069642
E08	FD16069643
F08	FD16069644
G08	FD16069645
H08	FD16069646
A09	FD16069647
B09	FD16069648
C09	FD16069649
D09	FD16069650
E09	FD16069651
F09	FD16069652
G09	FD16069653
H09	FD16069654
A10	FD16069655
B10	FD16069656
C10	FD16069657
D10	FD16069658
E10	FD16069659
F10	FD16069660
G10	FD16069661
H10	FD16069662
A11	FD16069663
B11	FD16069664
C11	FD16069665
D11	FD16069666
E11	FD16069667
F11	FD16069668
G11	FD16069669
H11	FD16069670
A12	FD16069671
B12	FD16069672
C12	FD16069673
D12	FD16069674
E12	FD16069675
F12	FD16069676
G12	FD16069677
H12	FD16069678
