A01	FD16069391
B01	FD16069392
C01	FD16069393
D01	FD16069394
E01	FD16069395
F01	FD16069396
G01	FD16069397
H01	FD16069398
A02	FD16069399
B02	FD16069400
C02	FD16069401
D02	FD16069402
E02	FD16069403
F02	FD16069404
G02	FD16069405
H02	FD16069406
A03	FD16069407
B03	FD16069408
C03	FD16069409
D03	FD16069410
E03	FD16069411
F03	FD16069412
G03	FD16069413
H03	FD16069414
A04	FD16069415
B04	FD16069416
C04	FD16069417
D04	FD16069418
E04	FD16069419
F04	FD16069420
G04	FD16069421
H04	FD16069422
A05	FD16069423
B05	FD16069424
C05	FD16069425
D05	FD16069426
E05	FD16069427
F05	FD16069428
G05	FD16069429
H05	FD16069430
A06	FD16069431
B06	FD16069432
C06	FD16069433
D06	FD16069434
E06	FD16069435
F06	FD16069436
G06	FD16069437
H06	FD16069438
A07	FD16069439
B07	FD16069440
C07	FD16069441
D07	FD16069442
E07	FD16069443
F07	FD16069444
G07	FD16069445
H07	FD16069446
A08	FD16069447
B08	FD16069448
C08	FD16069449
D08	FD16069450
E08	FD16069451
F08	FD16069452
G08	FD16069453
H08	FD16069454
A09	FD16069455
B09	FD16069456
C09	FD16069457
D09	FD16069458
E09	FD16069459
F09	FD16069460
G09	FD16069461
H09	FD16069462
A10	FD16069463
B10	FD16069464
C10	FD16069465
D10	FD16069466
E10	FD16069467
F10	FD16069468
G10	FD16069469
H10	FD16069470
A11	FD16069471
B11	FD16069472
C11	FD16069473
D11	FD16069474
E11	FD16069475
F11	FD16069476
G11	FD16069477
H11	FD16069478
A12	FD16069479
B12	FD16069480
C12	FD16069481
D12	FD16069482
E12	FD16069483
F12	FD16069484
G12	FD16069485
H12	FD16069486
