A01	FD16067181
B01	FD16067182
C01	FD16067183
D01	FD16067184
E01	FD16067185
F01	FD16067186
G01	FD16067187
H01	FD16067188
A02	FD16067189
B02	FD16067190
C02	FD16067191
D02	FD16067192
E02	FD16067193
F02	FD16067194
G02	FD16067195
H02	FD16067196
A03	FD16067197
B03	FD16067198
C03	FD16067199
D03	FD16067200
E03	FD16067201
F03	FD16067202
G03	FD16067203
H03	FD16067204
A04	FD16067205
B04	FD16067206
C04	FD16067207
D04	FD16067208
E04	FD16067209
F04	FD16067210
G04	FD16067211
H04	FD16067212
A05	FD16067213
B05	FD16067214
C05	FD16067215
D05	FD16067216
E05	FD16067217
F05	FD16067218
G05	FD16067219
H05	FD16067220
A06	FD16067221
B06	FD16067222
C06	FD16067223
D06	FD16067224
E06	FD16067225
F06	FD16067226
G06	FD16067227
H06	FD16067228
A07	FD16067229
B07	FD16067230
C07	FD16067231
D07	FD16067232
E07	FD16067233
F07	FD16067234
G07	FD16067235
H07	FD16067236
A08	FD16067237
B08	FD16067238
C08	FD16067239
D08	FD16067240
E08	FD16067241
F08	FD16067242
G08	FD16067243
H08	FD16067244
A09	FD16067245
B09	FD16067246
C09	FD16067247
D09	FD16067248
E09	FD16067249
F09	FD16067250
G09	FD16067251
H09	FD16067252
A10	FD16067253
B10	FD16067254
C10	FD16067255
D10	FD16067256
E10	FD16067257
F10	FD16067258
G10	FD16067259
H10	FD16067260
A11	FD16067261
B11	FD16067262
C11	FD16067263
D11	FD16067264
E11	FD16067265
F11	FD16067266
G11	FD16067267
H11	FD16067268
A12	FD16067269
B12	FD16067270
C12	FD16067271
D12	FD16067272
E12	FD16067273
F12	FD16067274
G12	FD16067275
H12	FD16067276
