A01	FD16066893
B01	FD16066894
C01	FD16066895
D01	FD16066896
E01	FD16066897
F01	FD16066898
G01	FD16066899
H01	FD16066900
A02	FD16066901
B02	FD16066902
C02	FD16066903
D02	FD16066904
E02	FD16066905
F02	FD16066906
G02	FD16066907
H02	FD16066908
A03	FD16066909
B03	FD16066910
C03	FD16066911
D03	FD16066912
E03	FD16066913
F03	FD16066914
G03	FD16066915
H03	FD16066916
A04	FD16066917
B04	FD16066918
C04	FD16066919
D04	FD16066920
E04	FD16066921
F04	FD16066922
G04	FD16066923
H04	FD16066924
A05	FD16066925
B05	FD16066926
C05	FD16066927
D05	FD16066928
E05	FD16066929
F05	FD16066930
G05	FD16066931
H05	FD16066932
A06	FD16066933
B06	FD16066934
C06	FD16066935
D06	FD16066936
E06	FD16066937
F06	FD16066938
G06	FD16066939
H06	FD16066940
A07	FD16066941
B07	FD16066942
C07	FD16066943
D07	FD16066944
E07	FD16066945
F07	FD16066946
G07	FD16066947
H07	FD16066948
A08	FD16066949
B08	FD16066950
C08	FD16066951
D08	FD16066952
E08	FD16066953
F08	FD16066954
G08	FD16066955
H08	FD16066956
A09	FD16066957
B09	FD16066958
C09	FD16066959
D09	FD16066960
E09	FD16066961
F09	FD16066962
G09	FD16066963
H09	FD16066964
A10	FD16066965
B10	FD16066966
C10	FD16066967
D10	FD16066968
E10	FD16066969
F10	FD16066970
G10	FD16066971
H10	FD16066972
A11	FD16066973
B11	FD16066974
C11	FD16066975
D11	FD16066976
E11	FD16066977
F11	FD16066978
G11	FD16066979
H11	FD16066980
A12	FD16066981
B12	FD16066982
C12	FD16066983
D12	FD16066984
E12	FD16066985
F12	FD16066986
G12	FD16066987
H12	FD16066988
