A01	FD16067085
B01	FD16067086
C01	FD16067087
D01	FD16067088
E01	FD16067089
F01	FD16067090
G01	FD16067091
H01	FD16067092
A02	FD16067093
B02	FD16067094
C02	FD16067095
D02	FD16067096
E02	FD16067097
F02	FD16067098
G02	FD16067099
H02	FD16067100
A03	FD16067101
B03	FD16067102
C03	FD16067103
D03	FD16067104
E03	FD16067105
F03	FD16067106
G03	FD16067107
H03	FD16067108
A04	FD16067109
B04	FD16067110
C04	FD16067111
D04	FD16067112
E04	FD16067113
F04	FD16067114
G04	FD16067115
H04	FD16067116
A05	FD16067117
B05	FD16067118
C05	FD16067119
D05	FD16067120
E05	FD16067121
F05	FD16067122
G05	FD16067123
H05	FD16067124
A06	FD16067125
B06	FD16067126
C06	FD16067127
D06	FD16067128
E06	FD16067129
F06	FD16067130
G06	FD16067131
H06	FD16067132
A07	FD16067133
B07	FD16067134
C07	FD16067135
D07	FD16067136
E07	FD16067137
F07	FD16067138
G07	FD16067139
H07	FD16067140
A08	FD16067141
B08	FD16067142
C08	FD16067143
D08	FD16067144
E08	FD16067145
F08	FD16067146
G08	FD16067147
H08	FD16067148
A09	FD16067149
B09	FD16067150
C09	FD16067151
D09	FD16067152
E09	FD16067153
F09	FD16067154
G09	FD16067155
H09	FD16067156
A10	FD16067157
B10	FD16067158
C10	FD16067159
D10	FD16067160
E10	FD16067161
F10	FD16067162
G10	FD16067163
H10	FD16067164
A11	FD16067165
B11	FD16067166
C11	FD16067167
D11	FD16067168
E11	FD16067169
F11	FD16067170
G11	FD16067171
H11	FD16067172
A12	FD16067173
B12	FD16067174
C12	FD16067175
D12	FD16067176
E12	FD16067177
F12	FD16067178
G12	FD16067179
H12	FD16067180
