A01	FD16067277
B01	FD16067278
C01	FD16067279
D01	FD16067280
E01	FD16067281
F01	FD16067282
G01	FD16067283
H01	FD16067284
A02	FD16067285
B02	FD16067286
C02	FD16067287
D02	FD16067288
E02	FD16067289
F02	FD16067290
G02	FD16067291
H02	FD16067292
A03	FD16067293
B03	FD16067294
C03	FD16067295
D03	FD16067296
E03	FD16067297
F03	FD16067298
G03	FD16067299
H03	FD16067300
A04	FD16067301
B04	FD16067302
C04	FD16067303
D04	FD16067304
E04	FD16067305
F04	FD16067306
G04	FD16067307
H04	FD16067308
A05	FD16067309
B05	FD16067310
C05	FD16067311
D05	FD16067312
E05	FD16067313
F05	FD16067314
G05	FD16067315
H05	FD16067316
A06	FD16067317
B06	FD16067318
C06	FD16067319
D06	FD16067320
E06	FD16067321
F06	FD16067322
G06	FD16067323
H06	FD16067324
A07	FD16067325
B07	FD16067326
C07	FD16067327
D07	FD16067328
E07	FD16067329
F07	FD16067330
G07	FD16067331
H07	FD16067332
A08	FD16067333
B08	FD16067334
C08	FD16067335
D08	FD16067336
E08	FD16067337
F08	FD16067338
G08	FD16067339
H08	FD16067340
A09	FD16067341
B09	FD16067342
C09	FD16067343
D09	FD16067344
E09	FD16067345
F09	FD16067346
G09	FD16067347
H09	FD16067348
A10	FD16067349
B10	FD16067350
C10	FD16067351
D10	FD16067352
E10	FD16067353
F10	FD16067354
G10	FD16067355
H10	FD16067356
A11	FD16067357
B11	FD16067358
C11	FD16067359
D11	FD16067360
E11	FD16067361
F11	FD16067362
G11	FD16067363
H11	FD16067364
A12	FD16067365
B12	FD16067366
C12	FD16067367
D12	FD16067368
E12	FD16067369
F12	FD16067370
G12	FD16067371
H12	FD16067372
