A01	FD14695253
B01	FD14695252
C01	FD14695251
D01	FD14695250
E01	FD14695249
F01	FD14695248
G01	FD14695247
H01	FD14695246
A02	FD14695245
B02	FD14695244
C02	FD14695243
D02	FD14695242
E02	FD14695241
F02	FD14695240
G02	FD14695239
H02	FD14695238
A03	FD14695237
B03	FD14695236
C03	FD14695235
D03	FD14695234
E03	FD14695233
F03	FD14695232
G03	FD14695231
H03	FD14695230
A04	FD14695229
B04	FD14695228
C04	FD14695227
D04	FD14695226
E04	FD14695225
F04	FD14695224
G04	FD14695223
H04	FD14695221
A05	FD14695220
B05	FD14695219
C05	FD14695218
D05	FD14695217
E05	FD14695216
F05	FD14695215
G05	FD14695214
H05	FD14695213
A06	FD14695212
B06	FD14695211
C06	FD14695210
D06	FD14695209
E06	FD14695208
F06	FD14695207
G06	FD14695206
H06	FD14695205
A07	FD14695204
B07	FD14695203
C07	FD14695202
D07	FD14695201
E07	FD14695200
F07	FD14695199
G07	FD14695198
H07	FD14695197
A08	FD14695196
B08	FD14695195
C08	FD14695194
D08	FD14695193
E08	FD14695192
F08	FD14695191
G08	FD14695190
H08	FD14695189
A09	FD14695188
B09	FD14695187
C09	FD14695186
D09	FD14695185
E09	FD14695184
F09	FD14695183
G09	FD14695182
H09	FD14695181
A10	FD14695180
B10	FD14695179
C10	FD14695178
D10	FD14695177
E10	FD14695176
F10	FD14695175
G10	FD14695174
H10	FD14695173
A11	FD14695172
B11	FD14695171
C11	FD14695170
D11	FD14695169
E11	FD14695168
F11	FD14695167
G11	FD14695166
H11	FD14695165
A12	FD14695164
B12	FD14695163
C12	FD14695162
D12	FD14695161
E12	FD14695160
F12	FD14695159
G12	FD14695158
H12	FD14695157
