A01	FD14695349
B01	FD14695348
C01	FD14695347
D01	FD14695346
E01	FD14695345
F01	FD14695344
G01	FD14695343
H01	FD14695342
A02	FD14695341
B02	FD14695340
C02	FD14695339
D02	FD14695338
E02	FD14695337
F02	FD14695336
G02	FD14695335
H02	FD14695334
A03	FD14695333
B03	FD14695332
C03	FD14695331
D03	FD14695330
E03	FD14695329
F03	FD14695328
G03	FD14695327
H03	FD14695326
A04	FD14695325
B04	FD14695324
C04	FD14695323
D04	FD14695322
E04	FD14695321
F04	FD14695320
G04	FD14695319
H04	FD14695318
A05	FD14695317
B05	FD14695316
C05	FD14695315
D05	FD14695314
E05	FD14695313
F05	FD14695312
G05	FD14695311
H05	FD14695310
A06	FD14695309
B06	FD14695308
C06	FD14695307
D06	FD14695306
E06	FD14695305
F06	FD14695304
G06	FD14695303
H06	FD14695302
A07	FD14695301
B07	FD14695300
C07	FD14695299
D07	FD14695298
E07	FD14695297
F07	FD14695296
G07	FD14695295
H07	FD14695294
A08	FD14695293
B08	FD14695292
C08	FD14695291
D08	FD14695290
E08	FD14695289
F08	FD14695288
G08	FD14695287
H08	FD14695286
A09	FD14695285
B09	FD14695284
C09	FD14695283
D09	FD14695282
E09	FD14695281
F09	FD14695280
G09	FD14695279
H09	FD14695278
A10	FD14695277
B10	FD14695276
C10	FD14695275
D10	FD14695274
E10	FD14695273
F10	FD14695272
G10	FD14695271
H10	FD14695270
A11	FD14695269
B11	FD14695268
C11	FD14695267
D11	FD14695266
E11	FD14695265
F11	FD14695264
G11	FD14695263
H11	FD14695262
A12	FD14695261
B12	FD14695260
C12	FD14695259
D12	FD14695258
E12	FD14695257
F12	FD14695256
G12	FD14695255
H12	FD14695254
