A01	FD14695156
B01	FD14695155
C01	FD14695154
D01	FD14695153
E01	FD14695152
F01	FD14695151
G01	FD14695150
H01	FD14695149
A02	FD14695148
B02	FD14695147
C02	FD14695146
D02	FD14695145
E02	FD14695144
F02	FD14695143
G02	FD14695142
H02	FD14695141
A03	FD14695140
B03	FD14695139
C03	FD14695138
D03	FD14695137
E03	FD14695136
F03	FD14695135
G03	FD14695134
H03	FD14695133
A04	FD14695132
B04	FD14695131
C04	FD14695130
D04	FD14695129
E04	FD14695128
F04	FD14695127
G04	FD14695126
H04	FD14695125
A05	FD14695124
B05	FD14695123
C05	FD14695122
D05	FD14695121
E05	FD14695120
F05	FD14695119
G05	FD14695118
H05	FD14695117
A06	FD14695116
B06	FD14695115
C06	FD14695114
D06	FD14695113
E06	FD14695112
F06	FD14695111
G06	FD14695110
H06	FD14695109
A07	FD14695108
B07	FD14695107
C07	FD14695106
D07	FD14695105
E07	FD14695104
F07	FD14695103
G07	FD14695102
H07	FD14695101
A08	FD14695100
B08	FD14695099
C08	FD14695098
D08	FD14695097
E08	FD14695096
F08	FD14695095
G08	FD14695094
H08	FD14695093
A09	FD14695092
B09	FD14695091
C09	FD14695090
D09	FD14695089
E09	FD14695088
F09	FD14695087
G09	FD14695086
H09	FD14695085
A10	FD14695084
B10	FD14695083
C10	FD14695082
D10	FD14695081
E10	FD14695080
F10	FD14695079
G10	FD14695078
H10	FD14695077
A11	FD14695076
B11	FD14695075
C11	FD14695074
D11	FD14695073
E11	FD14695072
F11	FD14695071
G11	FD14695070
H11	FD14695069
A12	FD14695068
B12	FD14695067
C12	FD14695066
D12	FD14695065
E12	FD14695064
F12	FD14695063
G12	FD14695062
H12	FD14695061
